ERROR - 2023-06-13 23:41:15 --> Error connecting to the database: mysqli_sql_exception: No such file or directory in /app/myapp/system/Database/MySQLi/Connection.php:174
Stack trace:
#0 /app/myapp/system/Database/MySQLi/Connection.php(174): mysqli->real_connect()
#1 /app/myapp/system/Database/BaseConnection.php(391): CodeIgniter\Database\MySQLi\Connection->connect()
#2 /app/myapp/system/Database/BaseConnection.php(573): CodeIgniter\Database\BaseConnection->initialize()
#3 /app/myapp/system/Database/BaseBuilder.php(1616): CodeIgniter\Database\BaseConnection->query()
#4 /app/myapp/system/Model.php(241): CodeIgniter\Database\BaseBuilder->get()
#5 /app/myapp/system/BaseModel.php(618): CodeIgniter\Model->doFindAll()
#6 /app/myapp/app/Controllers/Rest.php(14): CodeIgniter\BaseModel->findAll()
#7 /app/myapp/system/CodeIgniter.php(934): App\Controllers\Rest->listar()
#8 /app/myapp/system/CodeIgniter.php(499): CodeIgniter\CodeIgniter->runController()
#9 /app/myapp/system/CodeIgniter.php(368): CodeIgniter\CodeIgniter->handleRequest()
#10 /app/myapp/public/index.php(67): CodeIgniter\CodeIgniter->run()
#11 {main}

Next CodeIgniter\Database\Exceptions\DatabaseException: No such file or directory in /app/myapp/system/Database/MySQLi/Connection.php:218
Stack trace:
#0 /app/myapp/system/Database/BaseConnection.php(391): CodeIgniter\Database\MySQLi\Connection->connect()
#1 /app/myapp/system/Database/BaseConnection.php(573): CodeIgniter\Database\BaseConnection->initialize()
#2 /app/myapp/system/Database/BaseBuilder.php(1616): CodeIgniter\Database\BaseConnection->query()
#3 /app/myapp/system/Model.php(241): CodeIgniter\Database\BaseBuilder->get()
#4 /app/myapp/system/BaseModel.php(618): CodeIgniter\Model->doFindAll()
#5 /app/myapp/app/Controllers/Rest.php(14): CodeIgniter\BaseModel->findAll()
#6 /app/myapp/system/CodeIgniter.php(934): App\Controllers\Rest->listar()
#7 /app/myapp/system/CodeIgniter.php(499): CodeIgniter\CodeIgniter->runController()
#8 /app/myapp/system/CodeIgniter.php(368): CodeIgniter\CodeIgniter->handleRequest()
#9 /app/myapp/public/index.php(67): CodeIgniter\CodeIgniter->run()
#10 {main}
CRITICAL - 2023-06-13 23:41:15 --> Unable to connect to the database.
Main connection [MySQLi]: No such file or directory
in SYSTEMPATH/Database/BaseConnection.php on line 427.
 1 SYSTEMPATH/Database/BaseConnection.php(573): CodeIgniter\Database\BaseConnection->initialize()
 2 SYSTEMPATH/Database/BaseBuilder.php(1616): CodeIgniter\Database\BaseConnection->query()
 3 SYSTEMPATH/Model.php(241): CodeIgniter\Database\BaseBuilder->get()
 4 SYSTEMPATH/BaseModel.php(618): CodeIgniter\Model->doFindAll()
 5 APPPATH/Controllers/Rest.php(14): CodeIgniter\BaseModel->findAll()
 6 SYSTEMPATH/CodeIgniter.php(934): App\Controllers\Rest->listar()
 7 SYSTEMPATH/CodeIgniter.php(499): CodeIgniter\CodeIgniter->runController()
 8 SYSTEMPATH/CodeIgniter.php(368): CodeIgniter\CodeIgniter->handleRequest()
 9 FCPATH/index.php(67): CodeIgniter\CodeIgniter->run()
